  [1m[35m (1009.4ms)[0m  [1m[35mCREATE DATABASE "GoalApp_development" ENCODING = 'unicode'[0m
  ↳ bin/rails:9
  [1m[35m (271.5ms)[0m  [1m[35mCREATE DATABASE "GoalApp_test" ENCODING = 'unicode'[0m
  ↳ bin/rails:9
  [1m[35m (443.0ms)[0m  [1m[35mCREATE TABLE "schema_migrations" ("version" character varying NOT NULL PRIMARY KEY)[0m
  ↳ bin/rails:9
  [1m[35m (80.6ms)[0m  [1m[35mCREATE TABLE "ar_internal_metadata" ("key" character varying NOT NULL PRIMARY KEY, "value" character varying, "created_at" timestamp NOT NULL, "updated_at" timestamp NOT NULL)[0m
  ↳ bin/rails:9
  [1m[35m (7.2ms)[0m  [1m[34mSELECT pg_try_advisory_lock(3326608677441972405)[0m
  ↳ bin/rails:9
  [1m[35m (9.2ms)[0m  [1m[34mSELECT "schema_migrations"."version" FROM "schema_migrations" ORDER BY "schema_migrations"."version" ASC[0m
  ↳ bin/rails:9
Migrating to CreateUsers (20190503160318)
  [1m[35m (0.3ms)[0m  [1m[35mBEGIN[0m
  ↳ bin/rails:9
  [1m[35m (112.1ms)[0m  [1m[35mCREATE TABLE "users" ("id" bigserial primary key, "username" character varying NOT NULL, "password_digest" character varying NOT NULL, "session_token" character varying NOT NULL, "created_at" timestamp NOT NULL, "updated_at" timestamp NOT NULL)[0m
  ↳ db/migrate/20190503160318_create_users.rb:3
  [1m[35m (10.5ms)[0m  [1m[35mCREATE UNIQUE INDEX  "index_users_on_username" ON "users"  ("username")[0m
  ↳ db/migrate/20190503160318_create_users.rb:10
  [1m[35m (1.4ms)[0m  [1m[35mCREATE UNIQUE INDEX  "index_users_on_session_token" ON "users"  ("session_token")[0m
  ↳ db/migrate/20190503160318_create_users.rb:11
  [1m[36mActiveRecord::SchemaMigration Create (29.2ms)[0m  [1m[32mINSERT INTO "schema_migrations" ("version") VALUES ($1) RETURNING "version"[0m  [["version", "20190503160318"]]
  ↳ bin/rails:9
  [1m[35m (0.9ms)[0m  [1m[35mCOMMIT[0m
  ↳ bin/rails:9
  [1m[36mActiveRecord::InternalMetadata Load (1.0ms)[0m  [1m[34mSELECT  "ar_internal_metadata".* FROM "ar_internal_metadata" WHERE "ar_internal_metadata"."key" = $1 LIMIT $2[0m  [["key", "environment"], ["LIMIT", 1]]
  ↳ bin/rails:9
  [1m[35m (0.3ms)[0m  [1m[35mBEGIN[0m
  ↳ bin/rails:9
  [1m[36mActiveRecord::InternalMetadata Create (8.8ms)[0m  [1m[32mINSERT INTO "ar_internal_metadata" ("key", "value", "created_at", "updated_at") VALUES ($1, $2, $3, $4) RETURNING "key"[0m  [["key", "environment"], ["value", "development"], ["created_at", "2019-05-03 16:06:58.528013"], ["updated_at", "2019-05-03 16:06:58.528013"]]
  ↳ bin/rails:9
  [1m[35m (0.5ms)[0m  [1m[35mCOMMIT[0m
  ↳ bin/rails:9
  [1m[35m (0.4ms)[0m  [1m[34mSELECT pg_advisory_unlock(3326608677441972405)[0m
  ↳ bin/rails:9
  [1m[35m (0.6ms)[0m  [1m[34mSELECT "schema_migrations"."version" FROM "schema_migrations" ORDER BY "schema_migrations"."version" ASC[0m
  ↳ bin/rails:9
Started GET "/users/new" for ::1 at 2019-05-03 16:35:00 -0400
  [1m[35m (1.5ms)[0m  [1m[34mSELECT "schema_migrations"."version" FROM "schema_migrations" ORDER BY "schema_migrations"."version" ASC[0m
  ↳ /Users/aa/.rbenv/versions/2.5.1/lib/ruby/gems/2.5.0/gems/activerecord-5.2.3/lib/active_record/log_subscriber.rb:98
Processing by UsersController#new as HTML
  Rendering users/new.html.erb within layouts/application
  Rendered users/new.html.erb within layouts/application (2.7ms)
Completed 200 OK in 532ms (Views: 524.9ms | ActiveRecord: 0.0ms)


Started POST "/users" for ::1 at 2019-05-03 16:35:12 -0400
Processing by UsersController#create as HTML
  Parameters: {"authenticity_token"=>"aEleYkXTjl5wauLlk1RemVeFuj27K4Zpz4SL3I7vasjk1HTVH0f1+uytS1zKu4TMa0e+dEVGEmPRVctfUji1kw==", "user"=>{":username"=>"goldenfish", ":password"=>"[FILTERED]"}}
Unpermitted parameters: ::username, ::password
  [1m[35m (0.2ms)[0m  [1m[35mBEGIN[0m
  ↳ app/controllers/users_controller.rb:13
  [1m[36mUser Exists (42.8ms)[0m  [1m[34mSELECT  1 AS one FROM "users" WHERE "users"."username" IS NULL LIMIT $1[0m  [["LIMIT", 1]]
  ↳ app/controllers/users_controller.rb:13
  [1m[36mUser Exists (0.8ms)[0m  [1m[34mSELECT  1 AS one FROM "users" WHERE "users"."session_token" = $1 LIMIT $2[0m  [["session_token", "xXmAltHX8tLXW_gF11Twfw"], ["LIMIT", 1]]
  ↳ app/controllers/users_controller.rb:13
  [1m[35m (0.2ms)[0m  [1m[31mROLLBACK[0m
  ↳ app/controllers/users_controller.rb:13
  Rendering users/new.html.erb within layouts/application
  Rendered users/new.html.erb within layouts/application (0.7ms)
Completed 200 OK in 223ms (Views: 16.9ms | ActiveRecord: 55.7ms)


Started POST "/users" for ::1 at 2019-05-03 16:35:35 -0400
Processing by UsersController#create as HTML
  Parameters: {"authenticity_token"=>"w9ZGfLfaiPRcB34LoWNKxapf3uhTe+mHx8oKc+vwerNPS2zL7U7zUMDA17L4jJCQlp3aoa0WfY3ZG0rwNyel6A==", "user"=>{":username"=>"rainbowfish", ":password"=>"[FILTERED]"}}
Unpermitted parameters: ::username, ::password
  [1m[35m (0.2ms)[0m  [1m[35mBEGIN[0m
  ↳ app/controllers/users_controller.rb:13
  [1m[36mUser Exists (0.4ms)[0m  [1m[34mSELECT  1 AS one FROM "users" WHERE "users"."username" IS NULL LIMIT $1[0m  [["LIMIT", 1]]
  ↳ app/controllers/users_controller.rb:13
  [1m[36mUser Exists (0.4ms)[0m  [1m[34mSELECT  1 AS one FROM "users" WHERE "users"."session_token" = $1 LIMIT $2[0m  [["session_token", "sOgbNRloiRUjXbDpepqoBA"], ["LIMIT", 1]]
  ↳ app/controllers/users_controller.rb:13
  [1m[35m (0.2ms)[0m  [1m[31mROLLBACK[0m
  ↳ app/controllers/users_controller.rb:13
  Rendering users/new.html.erb within layouts/application
  Rendered users/new.html.erb within layouts/application (0.8ms)
Completed 200 OK in 89ms (Views: 82.1ms | ActiveRecord: 1.2ms)


  [1m[36mUser Load (1.4ms)[0m  [1m[34mSELECT "users".* FROM "users"[0m
Started POST "/users" for ::1 at 2019-05-03 16:37:21 -0400
Processing by UsersController#create as HTML
  Parameters: {"authenticity_token"=>"WYVWCDRRoo/rpOk8UQoviptbFWVHCU1pLkHIY8KheU7VGHy/bsXZK3djQIUI5fXfp5kRLLlk2WMwkIjgHnamFQ==", "user"=>{":username"=>"goldenfish", ":password"=>"[FILTERED]"}}
Unpermitted parameters: ::username, ::password
Unpermitted parameters: ::username, ::password
  [1m[35m (0.8ms)[0m  [1m[35mBEGIN[0m
  ↳ app/controllers/users_controller.rb:14
  [1m[36mUser Exists (0.6ms)[0m  [1m[34mSELECT  1 AS one FROM "users" WHERE "users"."username" IS NULL LIMIT $1[0m  [["LIMIT", 1]]
  ↳ app/controllers/users_controller.rb:14
  [1m[36mUser Exists (0.5ms)[0m  [1m[34mSELECT  1 AS one FROM "users" WHERE "users"."session_token" = $1 LIMIT $2[0m  [["session_token", "YflIfu9_2G3b0CUNUKzxcg"], ["LIMIT", 1]]
  ↳ app/controllers/users_controller.rb:14
  [1m[35m (0.3ms)[0m  [1m[31mROLLBACK[0m
  ↳ app/controllers/users_controller.rb:14
  Rendering users/new.html.erb within layouts/application
  Rendered users/new.html.erb within layouts/application (1.0ms)
Completed 200 OK in 136417ms (Views: 151.3ms | ActiveRecord: 9.9ms)


Started POST "/users" for ::1 at 2019-05-03 16:39:49 -0400
Processing by UsersController#create as HTML
  Parameters: {"authenticity_token"=>"Dw5mvE3Hk3SWCG5QTuzRgD1pqz/s1COpdeqLbx/QF5SDk0wLF1Po0ArPx+kXAwvVAauvdhK5t6NrO8vswwfIzw==", "user"=>{"username"=>"brocoli", "password"=>"[FILTERED]"}}
  [1m[35m (0.6ms)[0m  [1m[35mBEGIN[0m
  ↳ app/controllers/users_controller.rb:14
Started POST "/users" for ::1 at 2019-05-03 16:39:53 -0400
  [1m[36mUser Exists (1.7ms)[0m  [1m[34mSELECT  1 AS one FROM "users" WHERE "users"."username" = $1 LIMIT $2[0m  [["username", "brocoli"], ["LIMIT", 1]]
  ↳ app/controllers/users_controller.rb:14
  [1m[36mUser Exists (0.5ms)[0m  [1m[34mSELECT  1 AS one FROM "users" WHERE "users"."session_token" = $1 LIMIT $2[0m  [["session_token", "JFgm2q_9vDellltDrn1nZA"], ["LIMIT", 1]]
  ↳ app/controllers/users_controller.rb:14
  [1m[36mUser Create (89.6ms)[0m  [1m[32mINSERT INTO "users" ("username", "password_digest", "session_token", "created_at", "updated_at") VALUES ($1, $2, $3, $4, $5) RETURNING "id"[0m  [["username", "brocoli"], ["password_digest", "$2a$10$fdIfxtPLDSHqfkDfC63ZnusOZ/wtHAbzht/Ktw1j1DZjBbyUY../y"], ["session_token", "JFgm2q_9vDellltDrn1nZA"], ["created_at", "2019-05-03 20:39:53.261771"], ["updated_at", "2019-05-03 20:39:53.261771"]]
  ↳ app/controllers/users_controller.rb:14
  [1m[35m (0.9ms)[0m  [1m[35mCOMMIT[0m
  ↳ app/controllers/users_controller.rb:14
Redirected to http://localhost:3000/users
Completed 302 Found in 4189ms (ActiveRecord: 93.3ms)


Processing by UsersController#create as HTML
  Parameters: {"authenticity_token"=>"Dw5mvE3Hk3SWCG5QTuzRgD1pqz/s1COpdeqLbx/QF5SDk0wLF1Po0ArPx+kXAwvVAauvdhK5t6NrO8vswwfIzw==", "user"=>{"username"=>"brocoli", "password"=>"[FILTERED]"}}
  [1m[35m (0.3ms)[0m  [1m[35mBEGIN[0m
  ↳ app/controllers/users_controller.rb:14
  [1m[36mUser Exists (2.9ms)[0m  [1m[34mSELECT  1 AS one FROM "users" WHERE "users"."username" = $1 LIMIT $2[0m  [["username", "brocoli"], ["LIMIT", 1]]
  ↳ app/controllers/users_controller.rb:14
  [1m[36mUser Exists (0.8ms)[0m  [1m[34mSELECT  1 AS one FROM "users" WHERE "users"."session_token" = $1 LIMIT $2[0m  [["session_token", "WBoED9mAdDenOUyj6LP4rg"], ["LIMIT", 1]]
  ↳ app/controllers/users_controller.rb:14
  [1m[35m (0.5ms)[0m  [1m[31mROLLBACK[0m
  ↳ app/controllers/users_controller.rb:14
  Rendering users/new.html.erb within layouts/application
  Rendered users/new.html.erb within layouts/application (0.6ms)
Completed 200 OK in 1093ms (Views: 18.0ms | ActiveRecord: 4.5ms)


Started POST "/users" for ::1 at 2019-05-03 16:40:22 -0400
Processing by UsersController#create as HTML
  Parameters: {"authenticity_token"=>"/qIKch3MRX2hSBsMMG1xrxyGlmN9D2hljhetr5iS/B9yPyDFR1g+2T2PsrVpgqv6IESSKoNi/G+Qxu0sREUjRA==", "user"=>{"username"=>"goldenfish", "password"=>"[FILTERED]"}}
  [1m[35m (0.4ms)[0m  [1m[35mBEGIN[0m
  ↳ app/controllers/users_controller.rb:14
  [1m[36mUser Exists (1.0ms)[0m  [1m[34mSELECT  1 AS one FROM "users" WHERE "users"."username" = $1 LIMIT $2[0m  [["username", "goldenfish"], ["LIMIT", 1]]
  ↳ app/controllers/users_controller.rb:14
  [1m[36mUser Exists (1.0ms)[0m  [1m[34mSELECT  1 AS one FROM "users" WHERE "users"."session_token" = $1 LIMIT $2[0m  [["session_token", "Kdjw_roeSjMOx22981Cg2g"], ["LIMIT", 1]]
  ↳ app/controllers/users_controller.rb:14
  [1m[36mUser Create (0.9ms)[0m  [1m[32mINSERT INTO "users" ("username", "password_digest", "session_token", "created_at", "updated_at") VALUES ($1, $2, $3, $4, $5) RETURNING "id"[0m  [["username", "goldenfish"], ["password_digest", "$2a$10$j0iA0fkagHcuWdb452NBHOnovEzM7rmd/XvFpZPbCnBKEJU0wbpAK"], ["session_token", "Kdjw_roeSjMOx22981Cg2g"], ["created_at", "2019-05-03 20:40:47.259617"], ["updated_at", "2019-05-03 20:40:47.259617"]]
  ↳ app/controllers/users_controller.rb:14
  [1m[35m (15.9ms)[0m  [1m[35mCOMMIT[0m
  ↳ app/controllers/users_controller.rb:14
Redirected to http://localhost:3000/users
Completed 302 Found in 24728ms (ActiveRecord: 19.2ms)


Started GET "/users" for ::1 at 2019-05-03 16:40:47 -0400
Processing by UsersController#index as HTML
  Rendering users/index.html.erb within layouts/application
  [1m[36mUser Load (0.5ms)[0m  [1m[34mSELECT "users".* FROM "users"[0m
  ↳ app/views/users/index.html.erb:6
  Rendered users/index.html.erb within layouts/application (32.6ms)
Completed 200 OK in 262ms (Views: 261.0ms | ActiveRecord: 0.5ms)


  [1m[36mUser Load (0.5ms)[0m  [1m[34mSELECT "users".* FROM "users"[0m
Started GET "/session/new" for ::1 at 2019-05-03 16:53:18 -0400
Processing by SessionsController#new as HTML
  Rendering sessions/new.html.erb within layouts/application
  Rendered sessions/new.html.erb within layouts/application (305.3ms)
Completed 500 Internal Server Error in 325ms (ActiveRecord: 0.0ms)



NameError - undefined local variable or method `sessions_url' for #<#<Class:0x00007f86e0a5c9e0>:0x00007f86e094ac00>
Did you mean?  session_url:
  app/views/sessions/new.html.erb:3:in `_app_views_sessions_new_html_erb__4384454201049364177_70108635090060'
  app/controllers/sessions_controller.rb:3:in `new'

Started POST "/__better_errors/6636bb48854b9f6f/variables" for ::1 at 2019-05-03 16:53:19 -0400
Started GET "/sessions/new" for ::1 at 2019-05-03 16:53:23 -0400
  
ActionController::RoutingError (No route matches [GET] "/sessions/new"):
  
actionpack (5.2.3) lib/action_dispatch/middleware/debug_exceptions.rb:65:in `call'
web-console (3.7.0) lib/web_console/middleware.rb:135:in `call_app'
web-console (3.7.0) lib/web_console/middleware.rb:30:in `block in call'
web-console (3.7.0) lib/web_console/middleware.rb:20:in `catch'
web-console (3.7.0) lib/web_console/middleware.rb:20:in `call'
actionpack (5.2.3) lib/action_dispatch/middleware/show_exceptions.rb:33:in `call'
railties (5.2.3) lib/rails/rack/logger.rb:38:in `call_app'
railties (5.2.3) lib/rails/rack/logger.rb:26:in `block in call'
activesupport (5.2.3) lib/active_support/tagged_logging.rb:71:in `block in tagged'
activesupport (5.2.3) lib/active_support/tagged_logging.rb:28:in `tagged'
activesupport (5.2.3) lib/active_support/tagged_logging.rb:71:in `tagged'
railties (5.2.3) lib/rails/rack/logger.rb:26:in `call'
sprockets-rails (3.2.1) lib/sprockets/rails/quiet_assets.rb:13:in `call'
actionpack (5.2.3) lib/action_dispatch/middleware/remote_ip.rb:81:in `call'
actionpack (5.2.3) lib/action_dispatch/middleware/request_id.rb:27:in `call'
rack (2.0.7) lib/rack/method_override.rb:22:in `call'
rack (2.0.7) lib/rack/runtime.rb:22:in `call'
activesupport (5.2.3) lib/active_support/cache/strategy/local_cache_middleware.rb:29:in `call'
actionpack (5.2.3) lib/action_dispatch/middleware/executor.rb:14:in `call'
actionpack (5.2.3) lib/action_dispatch/middleware/static.rb:127:in `call'
rack (2.0.7) lib/rack/sendfile.rb:111:in `call'
railties (5.2.3) lib/rails/engine.rb:524:in `call'
puma (3.12.1) lib/puma/configuration.rb:227:in `call'
puma (3.12.1) lib/puma/server.rb:660:in `handle_request'
puma (3.12.1) lib/puma/server.rb:474:in `process_client'
puma (3.12.1) lib/puma/server.rb:334:in `block in run'
puma (3.12.1) lib/puma/thread_pool.rb:135:in `block in spawn_thread'
Started GET "/session/new" for ::1 at 2019-05-03 16:53:42 -0400
Processing by SessionsController#new as HTML
  Rendering sessions/new.html.erb within layouts/application
  Rendered sessions/new.html.erb within layouts/application (569.8ms)
Completed 500 Internal Server Error in 630ms (ActiveRecord: 0.0ms)



NameError - undefined local variable or method `sessions_url' for #<#<Class:0x00007f86e0a5c9e0>:0x00007f86dc30e160>
Did you mean?  session_url:
  app/views/sessions/new.html.erb:3:in `_app_views_sessions_new_html_erb__4384454201049364177_70108634453520'
  app/controllers/sessions_controller.rb:3:in `new'

Started POST "/__better_errors/07d8f9b4c04a5beb/variables" for ::1 at 2019-05-03 16:53:43 -0400
Started GET "/session/new" for ::1 at 2019-05-03 16:54:16 -0400
Processing by SessionsController#new as HTML
  Rendering sessions/new.html.erb within layouts/application
  Rendered sessions/new.html.erb within layouts/application (1.0ms)
Completed 200 OK in 145ms (Views: 144.5ms | ActiveRecord: 0.0ms)


Started POST "/session" for ::1 at 2019-05-03 16:54:30 -0400

AbstractController::ActionNotFound - The action 'create' could not be found for SessionsController:

Started POST "/__better_errors/6319b70518a83839/variables" for ::1 at 2019-05-03 16:54:30 -0400
Started GET "/session/new" for ::1 at 2019-05-03 17:14:32 -0400
Processing by SessionsController#new as HTML
  Rendering sessions/new.html.erb within layouts/application
  Rendered sessions/new.html.erb within layouts/application (1.6ms)
Completed 200 OK in 90ms (Views: 88.5ms | ActiveRecord: 0.0ms)


Started POST "/session" for ::1 at 2019-05-03 17:14:39 -0400
Processing by SessionsController#create as HTML
  Parameters: {"authenticity_token"=>"L3DCN+ak099raR5AltOLgHAh8vFR0lAnCpBkhCmkbxaj7eiAvDCoe/eut/nPPFHVTOP2uK+/xC0UQSQH9XOwTQ==", "user"=>{"username"=>"goldenfish", "password"=>"[FILTERED]"}}
Completed 500 Internal Server Error in 9ms (ActiveRecord: 0.0ms)



TypeError - no implicit conversion of Symbol into Integer:
  app/controllers/sessions_controller.rb:7:in `create'

Started POST "/__better_errors/2ee0e52577ff3793/variables" for ::1 at 2019-05-03 17:14:39 -0400
Started GET "/session/new" for ::1 at 2019-05-03 17:14:54 -0400
Processing by SessionsController#new as HTML
  Rendering sessions/new.html.erb within layouts/application
  Rendered sessions/new.html.erb within layouts/application (0.9ms)
Completed 200 OK in 23ms (Views: 21.9ms | ActiveRecord: 0.0ms)


Started POST "/session" for ::1 at 2019-05-03 17:14:59 -0400
Processing by SessionsController#create as HTML
  Parameters: {"authenticity_token"=>"NDk1ZmEr8E0jMK7Q4ndFoQchQ0pvhJxq2OXWRXJlK2W4pB/RO7+L6b/3B2m7mJ/0O+NHA5HpCGDGNJbGrrL0Pg==", "user"=>{"username"=>"goldenfish", "password"=>"[FILTERED]"}}
Completed 500 Internal Server Error in 84099ms (ActiveRecord: 0.0ms)



TypeError - no implicit conversion of Symbol into Integer:
  app/controllers/sessions_controller.rb:8:in `create'

Started POST "/__better_errors/6d5007775a1c7f0a/variables" for ::1 at 2019-05-03 17:16:23 -0400
Started GET "/session/new" for ::1 at 2019-05-03 17:16:55 -0400
Processing by SessionsController#new as HTML
  Rendering sessions/new.html.erb within layouts/application
  Rendered sessions/new.html.erb within layouts/application (0.8ms)
Completed 200 OK in 128ms (Views: 127.3ms | ActiveRecord: 0.0ms)


Started POST "/session" for ::1 at 2019-05-03 17:17:01 -0400
Processing by SessionsController#create as HTML
  Parameters: {"authenticity_token"=>"v0/TsSvK2fUgdoBZ6WiXLqocSEiCLf8jjz03WMgRRV8z0vkGcV6iUbyxKeCwh017lt5MAXxAaymR7HfbFMaaBA==", "user"=>{"username"=>"goldenfish", "password"=>"[FILTERED]"}}
Completed 500 Internal Server Error in 80847ms (ActiveRecord: 0.0ms)



TypeError - no implicit conversion of Symbol into Integer:
  app/controllers/sessions_controller.rb:8:in `create'

Started POST "/__better_errors/0bdbe8b66b00e69a/variables" for ::1 at 2019-05-03 17:18:22 -0400
Started GET "/session/new" for ::1 at 2019-05-03 17:18:25 -0400
Processing by SessionsController#new as HTML
  Rendering sessions/new.html.erb within layouts/application
  Rendered sessions/new.html.erb within layouts/application (1.2ms)
Completed 200 OK in 291ms (Views: 290.0ms | ActiveRecord: 0.0ms)


Started POST "/session" for ::1 at 2019-05-03 17:18:31 -0400
Processing by SessionsController#create as HTML
  Parameters: {"authenticity_token"=>"cG16rX4DhY/L5H6lSLFc06YM8SNnNIH7KsU7fqCaIw788FAaJJf+K1cj1xwRXoaGms71aplZFfE0FHv9fE38VQ==", "user"=>{"username"=>"goldenfish", "password"=>"[FILTERED]"}}
Completed 500 Internal Server Error in 15313ms (ActiveRecord: 0.0ms)



TypeError - no implicit conversion of Symbol into Integer:
  app/controllers/sessions_controller.rb:8:in `create'

Started POST "/__better_errors/8f5a6754c7fb29c1/variables" for ::1 at 2019-05-03 17:18:46 -0400
Started GET "/session/new" for ::1 at 2019-05-03 17:19:00 -0400
Processing by SessionsController#new as HTML
  Rendering sessions/new.html.erb within layouts/application
  Rendered sessions/new.html.erb within layouts/application (1.3ms)
Completed 200 OK in 167ms (Views: 166.6ms | ActiveRecord: 0.0ms)


Started POST "/session" for ::1 at 2019-05-03 17:19:06 -0400
Processing by SessionsController#create as HTML
  Parameters: {"authenticity_token"=>"lZb6q2kcw+3JhR+WXfG9QXc51XU/O/x9J+Gd0VB5dI0ZC9AcM4i4SVVCti8EHmcUS/vRPMFWaHc5MN1SjK6r1g==", "user"=>{"username"=>"goldenfish", "password"=>"[FILTERED]"}}
Completed 500 Internal Server Error in 4199ms (ActiveRecord: 0.0ms)



TypeError - no implicit conversion of Symbol into Integer:
  app/controllers/sessions_controller.rb:8:in `create'

Started POST "/__better_errors/0d02803932a92f7f/variables" for ::1 at 2019-05-03 17:19:10 -0400
Started GET "/session/new" for ::1 at 2019-05-03 17:20:42 -0400
Processing by SessionsController#new as HTML
  Rendering sessions/new.html.erb within layouts/application
  Rendered sessions/new.html.erb within layouts/application (0.9ms)
Completed 200 OK in 272ms (Views: 271.2ms | ActiveRecord: 0.0ms)


Started POST "/session" for ::1 at 2019-05-03 17:20:47 -0400
Processing by SessionsController#create as HTML
  Parameters: {"authenticity_token"=>"/4Pthfi3lOFPrsdJiBjYivqgnYnn9Sk+6MMYwTt5tNFzHscyoiPvRdNpbvDR9wLfxmKZwBmYvTT2ElhC565rig==", "user"=>{"username"=>"goldenfish", "password"=>"[FILTERED]"}}
Completed 500 Internal Server Error in 4002ms (ActiveRecord: 0.0ms)



TypeError - no implicit conversion of Symbol into Integer:
  app/controllers/sessions_controller.rb:8:in `create'

Started POST "/__better_errors/630c4e7a941d2ef2/variables" for ::1 at 2019-05-03 17:20:51 -0400
Started GET "/session/new" for ::1 at 2019-05-03 17:22:00 -0400
Processing by SessionsController#new as HTML
  Rendering sessions/new.html.erb within layouts/application
  Rendered sessions/new.html.erb within layouts/application (1.1ms)
Completed 200 OK in 290ms (Views: 289.3ms | ActiveRecord: 0.0ms)


Started POST "/session" for ::1 at 2019-05-03 17:22:07 -0400
Processing by SessionsController#create as HTML
  Parameters: {"authenticity_token"=>"O8F/r1TTNHCzgavsnXy6s1wqIe5dQOuqtqXl2OOggOu3XFUYDkdP1C9GAlXEk2DmYOglp6Mtf6CodKVbP3dfsA==", "user"=>{"username"=>"goldenfish", "password"=>"[FILTERED]"}}
  [1m[36mUser Load (1.5ms)[0m  [1m[34mSELECT  "users".* FROM "users" WHERE "users"."username" = $1 LIMIT $2[0m  [["username", "goldenfish"], ["LIMIT", 1]]
  ↳ app/models/user.rb:21
Completed 500 Internal Server Error in 128907ms (ActiveRecord: 18.0ms)



TypeError - no implicit conversion of Symbol into Integer:
  app/controllers/sessions_controller.rb:8:in `create'

Started POST "/__better_errors/aa6ec215d78a79bd/variables" for ::1 at 2019-05-03 17:24:16 -0400
Started GET "/session/new" for ::1 at 2019-05-03 17:24:19 -0400
Processing by SessionsController#new as HTML
  Rendering sessions/new.html.erb within layouts/application
  Rendered sessions/new.html.erb within layouts/application (0.8ms)
Completed 200 OK in 208ms (Views: 206.6ms | ActiveRecord: 0.0ms)


Started POST "/session" for ::1 at 2019-05-03 17:24:26 -0400
Processing by SessionsController#create as HTML
  Parameters: {"authenticity_token"=>"59taShZJ6ElU8vMc/9r5i45DIG3KK5BIvIt57rtm9TdrRnD9TN2T7cg1WqWmNSPesoEkJDRGBEKiWjltZ7EqbA==", "user"=>{"username"=>"goldenfish", "password"=>"[FILTERED]"}}
  [1m[36mUser Load (0.8ms)[0m  [1m[34mSELECT  "users".* FROM "users" WHERE "users"."username" = $1 LIMIT $2[0m  [["username", "goldenfish"], ["LIMIT", 1]]
  ↳ app/models/user.rb:21
Redirected to http://localhost:3000/users/2
Completed 302 Found in 7581ms (ActiveRecord: 8.7ms)


Started GET "/users/2" for ::1 at 2019-05-03 17:24:33 -0400
Processing by UsersController#show as HTML
  Parameters: {"id"=>"2"}
  [1m[36mUser Load (0.7ms)[0m  [1m[34mSELECT  "users".* FROM "users" WHERE "users"."session_token" = $1 LIMIT $2[0m  [["session_token", "NLNZ0EJOsJCj6m63MZrBdw"], ["LIMIT", 1]]
  ↳ app/controllers/application_controller.rb:3
  Rendering users/show.html.erb within layouts/application
  Rendered users/show.html.erb within layouts/application (4.7ms)
Completed 500 Internal Server Error in 43ms (ActiveRecord: 0.7ms)



NoMethodError - undefined method `username' for nil:NilClass:
  app/views/users/show.html.erb:3:in `_app_views_users_show_html_erb___1847982730557419408_70108627581860'
  app/controllers/users_controller.rb:13:in `show'

Started POST "/__better_errors/ec5b89fad2b8d06d/variables" for ::1 at 2019-05-03 17:24:34 -0400
